<?xml version="1.0" encoding="UTF-8"?>
<!-- Generated by org.testng.reporters.JUnitReportReporter -->
<testsuite hostname="DESKTOP-5SQIKN6" failures="0" tests="2" name="applicationTests.endToEndTest" time="7.303" errors="0" timestamp="2021-06-10T23:30:34 IST" skipped="0">
  <testcase classname="applicationTests.endToEndTest" name="homePageOpenApplication" time="4.147"/>
  <system-out/>
  <testcase classname="applicationTests.endToEndTest" name="homePageOpenApplication" time="3.156"/>
  <system-out/>
</testsuite> <!-- applicationTests.endToEndTest -->
